12. Printing statistics.

=== alu ===

   Number of wires:                204
   Number of wire bits:            227
   Number of public wires:           4
   Number of public wire bits:      27
   Number of memories:               0
   Number of memory bits:            0
   Number of processes:              0
   Number of cells:                208
     $_ANDNOT_                      67
     $_AND_                          4
     $_MUX_                         15
     $_NAND_                        13
     $_NOR_                         14
     $_NOT_                         14
     $_ORNOT_                        3
     $_OR_                          49
     $_XNOR_                        12
     $_XOR_                         17

=== computer ===

   Number of wires:                 18
   Number of wire bits:            108
   Number of public wires:          18
   Number of public wire bits:     108
   Number of memories:               0
   Number of memory bits:            0
   Number of processes:              0
   Number of cells:                  8
     alu                             1
     control_unit                    1
     instruction_memory              1
     mux4                            2
     pc                              1
     register                        2

=== control_unit ===

   Number of wires:                 71
   Number of wire bits:             85
   Number of public wires:          11
   Number of public wire bits:      25
   Number of memories:               0
   Number of memory bits:            0
   Number of processes:              0
   Number of cells:                 69
     $_ANDNOT_                      14
     $_MUX_                         19
     $_NAND_                         1
     $_NOR_                          2
     $_NOT_                          5
     $_ORNOT_                        3
     $_OR_                          24
     $_XOR_                          1

=== instruction_memory ===

   Number of wires:                  2
   Number of wire bits:             19
   Number of public wires:           2
   Number of public wire bits:      19
   Number of memories:               0
   Number of memory bits:            0
   Number of processes:              0
   Number of cells:                  0

=== mux4 ===

   Number of wires:                 50
   Number of wire bits:             86
   Number of public wires:           6
   Number of public wire bits:      42
   Number of memories:               0
   Number of memory bits:            0
   Number of processes:              0
   Number of cells:                 52
     $_ANDNOT_                      24
     $_MUX_                          8
     $_NAND_                         1
     $_NOR_                          1
     $_ORNOT_                        2
     $_OR_                          16

=== pc ===

   Number of wires:                  6
   Number of wire bits:             15
   Number of public wires:           2
   Number of public wire bits:       5
   Number of memories:               0
   Number of memory bits:            0
   Number of processes:              0
   Number of cells:                 10
     $_ANDNOT_                       1
     $_DFF_P_                        4
     $_NAND_                         1
     $_NOT_                          1
     $_XNOR_                         1
     $_XOR_                          2

=== register ===

   Number of wires:                  4
   Number of wire bits:             18
   Number of public wires:           4
   Number of public wire bits:      18
   Number of memories:               0
   Number of memory bits:            0
   Number of processes:              0
   Number of cells:                  8
     $_DFFE_PP_                      8

